<?xml version="1.0" encoding="UTF-8"?>
<!-- Generated by org.testng.reporters.JUnitReportReporter -->
<testsuite skipped="0" hostname="Kasi" name="TestNG.TestNGDemo" tests="1" failures="0" timestamp="26 May 2019 07:49:39 GMT" time="17.768" errors="0">
  <testcase name="testing" time="17.768" classname="TestNG.TestNGDemo"/>
</testsuite> <!-- TestNG.TestNGDemo -->
