<?xml version="1.0" encoding="UTF-8"?>
<!-- Generated by org.testng.reporters.JUnitReportReporter -->
<testsuite skipped="0" hostname="Kasi" name="Demo.TestNGdependencies" tests="3" failures="0" timestamp="31 May 2019 18:07:25 GMT" time="0.037" errors="0">
  <testcase name="testa" time="0.012" classname="Demo.TestNGdependencies"/>
  <testcase name="testc" time="0.004" classname="Demo.TestNGdependencies"/>
  <testcase name="testb" time="0.021" classname="Demo.TestNGdependencies"/>
</testsuite> <!-- Demo.TestNGdependencies -->
