<?xml version="1.0" encoding="UTF-8"?>
<!-- Generated by org.testng.reporters.JUnitReportReporter -->
<testsuite skipped="0" hostname="Kasi" name="Demo.TestNGgroups" tests="4" failures="0" timestamp="31 May 2019 05:31:41 GMT" time="0.035" errors="0">
  <testcase name="test1" time="0.019" classname="Demo.TestNGgroups"/>
  <testcase name="test2" time="0.006" classname="Demo.TestNGgroups"/>
  <testcase name="test4" time="0.006" classname="Demo.TestNGgroups"/>
  <testcase name="test3" time="0.004" classname="Demo.TestNGgroups"/>
</testsuite> <!-- Demo.TestNGgroups -->
