<?xml version="1.0" encoding="UTF-8"?>
<!-- Generated by org.testng.reporters.JUnitReportReporter -->
<testsuite skipped="0" hostname="Kasi" name="Demo.MultiBrowserTestingDemo" tests="2" failures="0" timestamp="31 May 2019 04:55:07 GMT" time="7.698" errors="0">
  <testcase name="testing" time="3.995" classname="Demo.MultiBrowserTestingDemo"/>
  <testcase name="testing" time="3.703" classname="Demo.MultiBrowserTestingDemo"/>
</testsuite> <!-- Demo.MultiBrowserTestingDemo -->
