<?xml version="1.0" encoding="UTF-8"?>
<!-- Generated by org.testng.reporters.JUnitReportReporter -->
<testsuite skipped="0" hostname="Kasi" name="TestNG.TestNGDemo2" tests="1" failures="0" timestamp="26 May 2019 07:49:39 GMT" time="21.416" errors="0">
  <testcase name="testing" time="21.416" classname="TestNG.TestNGDemo2"/>
</testsuite> <!-- TestNG.TestNGDemo2 -->
